<?xml version="1.0" encoding="UTF-8"?>
<!-- Generated by org.testng.reporters.JUnitReportReporter -->
<testsuite hostname="DESKTOP-35BHQ74" failures="0" tests="1" name="com.big.testNGscripts.assertt" time="10.456" errors="0" timestamp="2023-04-17T15:10:31 IST" skipped="0">
  <testcase classname="com.big.testNGscripts.assertt" name="test1" time="10.456"/>
  <system-out/>
</testsuite> <!-- com.big.testNGscripts.assertt -->
