<?xml version="1.0" encoding="UTF-8"?>
<!-- Generated by org.testng.reporters.JUnitReportReporter -->
<testsuite hostname="DESKTOP-35BHQ74" failures="0" tests="4" name="com.big.testNGscripts.ReviewRFQ" time="157.331" errors="0" timestamp="2023-07-11T18:01:20 IST" skipped="2">
  <testcase classname="com.big.testNGscripts.ReviewRFQ" name="Rev_RFQ" time="87.849"/>
  <system-out/>
  <testcase classname="com.big.testNGscripts.ReviewRFQ" name="sel_vendr" time="69.482"/>
  <system-out/>
  <testcase classname="com.big.testNGscripts.ReviewRFQ" name="Rej_vendr">
    <skipped/>
  </testcase> <!-- Rej_vendr -->
  <system-out/>
  <testcase classname="com.big.testNGscripts.ReviewRFQ" name="Negotiat_vendr">
    <skipped/>
  </testcase> <!-- Negotiat_vendr -->
  <system-out/>
</testsuite> <!-- com.big.testNGscripts.ReviewRFQ -->
