<?xml version="1.0" encoding="UTF-8"?>
<!-- Generated by org.testng.reporters.JUnitReportReporter -->
<testsuite hostname="DESKTOP-35BHQ74" failures="0" tests="1" name="com.big.testNGscripts.RequestPageDetails" time="19.483" errors="0" timestamp="2023-04-17T17:33:21 IST" skipped="0">
  <testcase classname="com.big.testNGscripts.RequestPageDetails" name="test1" time="19.483"/>
  <system-out/>
</testsuite> <!-- com.big.testNGscripts.RequestPageDetails -->
