<?xml version="1.0" encoding="UTF-8"?>
<!-- Generated by org.testng.reporters.JUnitReportReporter -->
<testsuite hostname="DESKTOP-35BHQ74" failures="0" tests="2" name="com.big.testNGscripts.VerifyInvitation" time="27.225" errors="0" timestamp="2023-04-19T17:58:21 IST" skipped="0">
  <testcase classname="com.big.testNGscripts.VerifyInvitation" name="test2" time="17.667"/>
  <system-out/>
  <testcase classname="com.big.testNGscripts.VerifyInvitation" name="test3" time="9.558"/>
  <system-out/>
</testsuite> <!-- com.big.testNGscripts.VerifyInvitation -->
