<?xml version="1.0" encoding="UTF-8"?>
<!-- Generated by org.testng.reporters.JUnitReportReporter -->
<testsuite hostname="DESKTOP-35BHQ74" failures="0" tests="1" name="com.big.testNGscripts.JobCompletionFlow" time="14.943" errors="0" timestamp="2023-04-19T16:53:33 IST" skipped="0">
  <testcase classname="com.big.testNGscripts.JobCompletionFlow" name="test2" time="14.943"/>
  <system-out/>
</testsuite> <!-- com.big.testNGscripts.JobCompletionFlow -->
