<?xml version="1.0" encoding="UTF-8"?>
<!-- Generated by org.testng.reporters.JUnitReportReporter -->
<testsuite hostname="DESKTOP-35BHQ74" failures="0" tests="2" name="com.big.testNGscripts.ExternalLink" time="66.270" errors="0" timestamp="2023-04-20T00:19:10 IST" skipped="0">
  <testcase classname="com.big.testNGscripts.ExternalLink" name="extrnl_link_form" time="46.766"/>
  <system-out/>
  <testcase classname="com.big.testNGscripts.ExternalLink" name="login_and_verify_extrnlLink" time="19.504"/>
  <system-out/>
</testsuite> <!-- com.big.testNGscripts.ExternalLink -->
