<?xml version="1.0" encoding="UTF-8"?>
<!-- Generated by org.testng.reporters.JUnitReportReporter -->
<testsuite hostname="DESKTOP-35BHQ74" failures="0" tests="1" name="com.big.testNGscripts.DashboardCountWithApp" time="11.550" errors="0" timestamp="2023-04-19T13:14:58 IST" skipped="0">
  <testcase classname="com.big.testNGscripts.DashboardCountWithApp" name="test2" time="11.550"/>
  <system-out/>
</testsuite> <!-- com.big.testNGscripts.DashboardCountWithApp -->
