<?xml version="1.0" encoding="UTF-8"?>
<!-- Generated by org.testng.reporters.JUnitReportReporter -->
<testsuite hostname="DESKTOP-35BHQ74" failures="0" tests="1" name="com.big.testNGscripts.InspectDlvry" time="39.386" errors="0" timestamp="2023-07-12T15:20:08 IST" skipped="0">
  <testcase classname="com.big.testNGscripts.InspectDlvry" name="Rev_RFQ" time="39.386"/>
  <system-out/>
</testsuite> <!-- com.big.testNGscripts.InspectDlvry -->
