<?xml version="1.0" encoding="UTF-8"?>
<!-- Generated by org.testng.reporters.JUnitReportReporter -->
<testsuite hostname="LAPTOP-05C5R0OF" failures="0" tests="1" name="com.big.testNGscripts.GoogleSearchTest" time="7.781" errors="0" timestamp="2022-11-03T13:29:16 IST" skipped="0">
  <testcase classname="com.big.testNGscripts.GoogleSearchTest" name="searchForAPITest" time="7.781"/>
  <system-out/>
</testsuite> <!-- com.big.testNGscripts.GoogleSearchTest -->
