<?xml version="1.0" encoding="UTF-8"?>
<!-- Generated by org.testng.reporters.JUnitReportReporter -->
<testsuite hostname="DESKTOP-35BHQ74" failures="0" tests="2" name="com.big.testNGscripts.FeedbackLink" time="78.390" errors="0" timestamp="2023-04-19T23:52:38 IST" skipped="0">
  <testcase classname="com.big.testNGscripts.FeedbackLink" name="test2" time="50.911"/>
  <system-out/>
  <testcase classname="com.big.testNGscripts.FeedbackLink" name="test3" time="27.479"/>
  <system-out/>
</testsuite> <!-- com.big.testNGscripts.FeedbackLink -->
